#
# There is insufficient memory for the Java Runtime Environment to continue.
# Native memory allocation (malloc) failed to allocate 514736 bytes for Chunk::new
# Possible reasons:
#   The system is out of physical RAM or swap space
#   In 32 bit mode, the process size limit was hit
# Possible solutions:
#   Reduce memory load on the system
#   Increase physical memory or swap space
#   Check if swap backing store is full
#   Use 64 bit Java on a 64 bit OS
#   Decrease Java heap size (-Xmx/-Xms)
#   Decrease number of Java threads
#   Decrease Java thread stack sizes (-Xss)
#   Set larger code cache with -XX:ReservedCodeCacheSize=
# This output file may be truncated or incomplete.
#
#  Out of Memory Error (allocation.cpp:323), pid=10772, tid=11232
#
# JRE version: Java(TM) SE Runtime Environment (7.0_80-b15) (build 1.7.0_80-b15)
# Java VM: Java HotSpot(TM) 64-Bit Server VM (24.80-b11 mixed mode windows-amd64 compressed oops)
# Failed to write core dump. Minidumps are not enabled by default on client versions of Windows
#

---------------  T H R E A D  ---------------

Current thread (0x0000000008545000):  JavaThread "C2 CompilerThread0" daemon [_thread_in_native, id=11232, stack(0x0000000009d50000,0x0000000009e50000)]

Stack: [0x0000000009d50000,0x0000000009e50000]
[error occurred during error reporting (printing stack bounds), id 0xc0000005]


[error occurred during error reporting (printing native stack), id 0xc0000005]


Current CompileTask:
C2:    626  137             com.android.dx.ssa.SsaConverter::placePhiFunctions (394 bytes)


---------------  P R O C E S S  ---------------

Java Threads: ( => current thread )
  0x000000000a2a3800 JavaThread "pool-1-thread-4" [_thread_in_Java, id=10560, stack(0x000000000ae60000,0x000000000af60000)]
  0x000000000a2a3000 JavaThread "pool-1-thread-3" [_thread_in_Java, id=10344, stack(0x00000000098d0000,0x00000000099d0000)]
  0x000000000a29d000 JavaThread "pool-1-thread-2" [_thread_in_Java, id=10584, stack(0x000000000a8c0000,0x000000000a9c0000)]
  0x000000000a29c800 JavaThread "pool-2-thread-1" [_thread_blocked, id=9584, stack(0x000000000abc0000,0x000000000acc0000)]
  0x000000000a2f1000 JavaThread "pool-1-thread-1" [_thread_in_Java, id=7500, stack(0x000000000aa00000,0x000000000ab00000)]
  0x000000000855d800 JavaThread "Service Thread" daemon [_thread_blocked, id=9648, stack(0x000000000a010000,0x000000000a110000)]
  0x000000000855c000 JavaThread "C2 CompilerThread1" daemon [_thread_in_native, id=10524, stack(0x0000000009ee0000,0x0000000009fe0000)]
=>0x0000000008545000 JavaThread "C2 CompilerThread0" daemon [_thread_in_native, id=11232, stack(0x0000000009d50000,0x0000000009e50000)]
  0x0000000008544000 JavaThread "Attach Listener" daemon [_thread_blocked, id=9652, stack(0x0000000009b80000,0x0000000009c80000)]
  0x0000000008558000 JavaThread "Signal Dispatcher" daemon [_thread_blocked, id=10392, stack(0x00000000096b0000,0x00000000097b0000)]
  0x00000000084e4800 JavaThread "Finalizer" daemon [_thread_blocked, id=6472, stack(0x00000000099d0000,0x0000000009ad0000)]
  0x00000000084dd800 JavaThread "Reference Handler" daemon [_thread_blocked, id=7600, stack(0x00000000097d0000,0x00000000098d0000)]
  0x000000000201e800 JavaThread "main" [_thread_blocked, id=11072, stack(0x00000000023d0000,0x00000000024d0000)]

Other Threads:
  0x00000000084da000 VMThread [stack: 0x0000000009510000,0x0000000009610000] [id=10612]
  0x000000000a121800 WatcherThread [stack: 0x000000000a630000,0x000000000a730000] [id=7556]

VM state:not at safepoint (normal execution)

VM Mutex/Monitor currently owned by a thread: None

Heap
 PSYoungGen      total 38400K, used 20645K [0x00000000eaa80000, 0x00000000ed500000, 0x0000000100000000)
  eden space 33280K, 62% used [0x00000000eaa80000,0x00000000ebea9408,0x00000000ecb00000)
  from space 5120K, 0% used [0x00000000ed000000,0x00000000ed000000,0x00000000ed500000)
  to   space 5120K, 0% used [0x00000000ecb00000,0x00000000ecb00000,0x00000000ed000000)
 ParOldGen       total 86016K, used 0K [0x00000000c0000000, 0x00000000c5400000, 0x00000000eaa80000)
  object space 86016K, 0% used [0x00000000c0000000,0x00000000c0000000,0x00000000c5400000)
 PSPermGen       total 21504K, used 5751K [0x00000000bae00000, 0x00000000bc300000, 0x00000000c0000000)
  object space 21504K, 26% used [0x00000000bae00000,0x00000000bb39dd48,0x00000000bc300000)

Card table byte_map: [0x00000000054d0000,0x0000000005700000] byte_map_base: 0x0000000004ef9000

Polling page: 0x00000000000a0000

Code Cache  [0x00000000024d0000, 0x0000000002740000, 0x00000000054d0000)
 total_blobs=387 nmethods=148 adapters=191 free_code_cache=48529Kb largest_free_block=49668736

Compilation events (10 events):
Event: 0.620 Thread 0x000000000855c000 nmethod 143 0x000000000256bb50 code [0x000000000256bc80, 0x000000000256bd78]
Event: 0.620 Thread 0x000000000855c000  144             java.util.Vector::ensureCapacityHelper (16 bytes)
Event: 0.621 Thread 0x000000000855c000 nmethod 144 0x000000000256b8d0 code [0x000000000256ba20, 0x000000000256baa8]
Event: 0.621 Thread 0x000000000855c000  145             com.android.dx.util.IntList::binarysearch (124 bytes)
Event: 0.622 Thread 0x000000000855c000 nmethod 145 0x000000000256e450 code [0x000000000256e5a0, 0x000000000256e758]
Event: 0.622 Thread 0x000000000855c000  146  s          java.util.Vector::elementAt (48 bytes)
Event: 0.623 Thread 0x000000000855c000 nmethod 146 0x0000000002563110 code [0x0000000002563260, 0x00000000025634d8]
Event: 0.623 Thread 0x000000000855c000  147             java.util.Vector::elementData (7 bytes)
Event: 0.623 Thread 0x000000000855c000 nmethod 147 0x000000000256b650 code [0x000000000256b780, 0x000000000256b818]
Event: 0.623 Thread 0x000000000855c000  148  s          java.util.Vector::add (39 bytes)

GC Heap History (0 events):
No events

Deoptimization events (5 events):
Event: 0.260 Thread 0x000000000201e800 Uncommon trap: reason=unstable_if action=reinterpret pc=0x0000000002531144 method=java.lang.String.indexOf(II)I @ 49
Event: 0.475 Thread 0x000000000a2a3800 Uncommon trap: reason=null_check action=make_not_entrant pc=0x000000000254504c method=com.android.dx.rop.code.LocalItem.equals(Ljava/lang/Object;)Z @ 1
Event: 0.499 Thread 0x000000000201e800 Uncommon trap: reason=class_check action=maybe_recompile pc=0x0000000002548a90 method=com.android.dx.ssa.NormalSsaInsn.accept(Lcom/android/dx/ssa/SsaInsn$Visitor;)V @ 9
Event: 0.527 Thread 0x000000000a2a3800 Uncommon trap: reason=class_check action=maybe_recompile pc=0x0000000002548a90 method=com.android.dx.ssa.NormalSsaInsn.accept(Lcom/android/dx/ssa/SsaInsn$Visitor;)V @ 9
Event: 0.532 Thread 0x000000000a2a3800 Uncommon trap: reason=class_check action=maybe_recompile pc=0x0000000002548a90 method=com.android.dx.ssa.NormalSsaInsn.accept(Lcom/android/dx/ssa/SsaInsn$Visitor;)V @ 9

Internal exceptions (10 events):
Event: 0.428 Thread 0x000000000a2a3000 Threw 0x00000000eb59f310 at C:\re\jdk7u80\2329\hotspot\src\share\vm\prims\jvm.cpp:1319
Event: 0.428 Thread 0x000000000a2a3000 Threw 0x00000000eb5a7db0 at C:\re\jdk7u80\2329\hotspot\src\share\vm\prims\jvm.cpp:1319
Event: 0.429 Thread 0x000000000a2a3000 Threw 0x00000000eb5acfd0 at C:\re\jdk7u80\2329\hotspot\src\share\vm\prims\jvm.cpp:1319
Event: 0.429 Thread 0x000000000a2a3000 Threw 0x00000000eb5b24d0 at C:\re\jdk7u80\2329\hotspot\src\share\vm\prims\jvm.cpp:1319
Event: 0.433 Thread 0x000000000a2a3000 Threw 0x00000000eb5c4ff8 at C:\re\jdk7u80\2329\hotspot\src\share\vm\prims\jvm.cpp:1319
Event: 0.435 Thread 0x000000000a2a3000 Threw 0x00000000eb5d2ff8 at C:\re\jdk7u80\2329\hotspot\src\share\vm\prims\jvm.cpp:1319
Event: 0.437 Thread 0x000000000a2a3000 Threw 0x00000000eb5df648 at C:\re\jdk7u80\2329\hotspot\src\share\vm\prims\jvm.cpp:1319
Event: 0.453 Thread 0x000000000a2a3000 Threw 0x00000000eb629040 at C:\re\jdk7u80\2329\hotspot\src\share\vm\prims\jvm.cpp:1319
Event: 0.475 Thread 0x000000000a2a3800 Implicit null exception at 0x0000000002544c4d to 0x0000000002545039
Event: 0.557 Thread 0x000000000a2a3000 Threw 0x00000000ebb1eb60 at C:\re\jdk7u80\2329\hotspot\src\share\vm\prims\jvm.cpp:1319

Events (10 events):
Event: 0.502 loading class 0x00000000020cc970
Event: 0.502 loading class 0x00000000020cc970 done
Event: 0.527 Thread 0x000000000a2a3800 Uncommon trap: trap_request=0xffffffde fr.pc=0x0000000002548a90
Event: 0.527 Thread 0x000000000a2a3800 DEOPT PACKING pc=0x0000000002548a90 sp=0x000000000af5e940
Event: 0.527 Thread 0x000000000a2a3800 DEOPT UNPACKING pc=0x00000000025075a4 sp=0x000000000af5e890 mode 2
Event: 0.532 Thread 0x000000000a2a3800 Uncommon trap: trap_request=0xffffffde fr.pc=0x0000000002548a90
Event: 0.532 Thread 0x000000000a2a3800 DEOPT PACKING pc=0x0000000002548a90 sp=0x000000000af5e900
Event: 0.532 Thread 0x000000000a2a3800 DEOPT UNPACKING pc=0x00000000025075a4 sp=0x000000000af5e850 mode 2
Event: 0.557 loading class 0x000000000a306460
Event: 0.557 loading class 0x000000000a306460 done


Dynamic libraries:
0x000000013f410000 - 0x000000013f443000 	D:\Java\jdk1.7.0_80\bin\java.exe
0x0000000076d20000 - 0x0000000076ec9000 	C:\windows\SYSTEM32\ntdll.dll
0x0000000076b00000 - 0x0000000076c20000 	C:\windows\system32\kernel32.dll
0x000007fefcd10000 - 0x000007fefcd7c000 	C:\windows\system32\KERNELBASE.dll
0x000007fefe660000 - 0x000007fefe73b000 	C:\windows\system32\ADVAPI32.dll
0x000007fefe8e0000 - 0x000007fefe97f000 	C:\windows\system32\msvcrt.dll
0x000007fefef70000 - 0x000007fefef8f000 	C:\windows\SYSTEM32\sechost.dll
0x000007fefe740000 - 0x000007fefe86d000 	C:\windows\system32\RPCRT4.dll
0x0000000076c20000 - 0x0000000076d1a000 	C:\windows\system32\USER32.dll
0x000007fefe870000 - 0x000007fefe8d7000 	C:\windows\system32\GDI32.dll
0x000007fefee00000 - 0x000007fefee0e000 	C:\windows\system32\LPK.dll
0x000007fefd030000 - 0x000007fefd0fa000 	C:\windows\system32\USP10.dll
0x000007fefb6c0000 - 0x000007fefb8b4000 	C:\windows\WinSxS\amd64_microsoft.windows.common-controls_6595b64144ccf1df_6.0.7601.18837_none_fa3b1e3d17594757\COMCTL32.dll
0x000007fefeef0000 - 0x000007fefef61000 	C:\windows\system32\SHLWAPI.dll
0x000007fefe3d0000 - 0x000007fefe3fe000 	C:\windows\system32\IMM32.DLL
0x000007fefeca0000 - 0x000007fefeda9000 	C:\windows\system32\MSCTF.dll
0x0000000065ba0000 - 0x0000000065c72000 	D:\Java\jdk1.7.0_80\jre\bin\msvcr100.dll
0x0000000058140000 - 0x0000000058919000 	D:\Java\jdk1.7.0_80\jre\bin\server\jvm.dll
0x000007fefa6e0000 - 0x000007fefa6e9000 	C:\windows\system32\WSOCK32.dll
0x000007fefedb0000 - 0x000007fefedfd000 	C:\windows\system32\WS2_32.dll
0x000007fefec90000 - 0x000007fefec98000 	C:\windows\system32\NSI.dll
0x000007fefac90000 - 0x000007fefaccb000 	C:\windows\system32\WINMM.dll
0x0000000076ef0000 - 0x0000000076ef7000 	C:\windows\system32\PSAPI.DLL
0x000000006ceb0000 - 0x000000006cebf000 	D:\Java\jdk1.7.0_80\jre\bin\verify.dll
0x000000006ce40000 - 0x000000006ce68000 	D:\Java\jdk1.7.0_80\jre\bin\java.dll
0x000000006ce90000 - 0x000000006cea6000 	D:\Java\jdk1.7.0_80\jre\bin\zip.dll
0x0000000065ff0000 - 0x000000006600a000 	D:\Java\jdk1.7.0_80\jre\bin\net.dll
0x000007fefc450000 - 0x000007fefc4a5000 	C:\windows\system32\mswsock.dll
0x000007fefc440000 - 0x000007fefc447000 	C:\windows\System32\wship6.dll
0x0000000065fd0000 - 0x0000000065fe1000 	D:\Java\jdk1.7.0_80\jre\bin\nio.dll

VM Arguments:
jvm_args: -Djava.awt.headless=true -Xmx1024M -Dfile.encoding=GBK -Duser.country=CN -Duser.language=zh -Duser.variant 
java_command: com.android.dx.command.Main --dex --num-threads=4 --output F:\AndroidStudio\Login\app\build\intermediates\pre-dexed\debug\okio-1.4.0_90c3742f11fabf46d7e85c31fd0555925db300d9.jar F:\AndroidStudio\Login\app\libs\okio-1.4.0.jar
Launcher Type: SUN_STANDARD

Environment Variables:
PATH=C:\windows\system32;C:\windows;C:\windows\System32\Wbem;C:\windows\System32\WindowsPowerShell\v1.0\;C:\Program Files (x86)\Common Files\microsoft shared\TigerKin;C:\Program Files (x86)\Microsoft SQL Server\100\Tools\Binn\;C:\Program Files\Microsoft SQL Server\100\Tools\Binn\;C:\Program Files\Microsoft SQL Server\100\DTS\Binn\;C:\Program Files (x86)\Microsoft SQL Server\100\Tools\Binn\VSShell\Common7\IDE\;C:\Program Files (x86)\Microsoft Visual Studio 9.0\Common7\IDE\PrivateAssemblies\;C:\Program Files (x86)\Microsoft SQL Server\100\DTS\Binn\;E:\adt-bundle-windows-x86_64-20140702\sdk\tools;E:\adt-bundle-windows-x86_64-20140702\sdk\platform-tools;C:\Users\admin\AppData\Local\atom\bin
USERNAME=admin
OS=Windows_NT
PROCESSOR_IDENTIFIER=Intel64 Family 6 Model 60 Stepping 3, GenuineIntel



---------------  S Y S T E M  ---------------

OS: Windows 7 , 64 bit Build 7601 Service Pack 1

CPU:total 4 (4 cores per cpu, 1 threads per core) family 6 model 60 stepping 3, cmov, cx8, fxsr, mmx, sse, sse2, sse3, ssse3, sse4.1, sse4.2, popcnt, avx, avx2, aes, erms, tsc, tscinvbit

Memory: 4k page, physical 8286356k(990360k free), swap 10381672k(5712k free)

vm_info: Java HotSpot(TM) 64-Bit Server VM (24.80-b11) for windows-amd64 JRE (1.7.0_80-b15), built on Apr 10 2015 11:26:34 by "java_re" with unknown MS VC++:1600

time: Mon May 30 11:11:53 2016
elapsed time: 0 seconds

