#
# There is insufficient memory for the Java Runtime Environment to continue.
# Native memory allocation (malloc) failed to allocate 318256 bytes for Chunk::new
# Possible reasons:
#   The system is out of physical RAM or swap space
#   In 32 bit mode, the process size limit was hit
# Possible solutions:
#   Reduce memory load on the system
#   Increase physical memory or swap space
#   Check if swap backing store is full
#   Use 64 bit Java on a 64 bit OS
#   Decrease Java heap size (-Xmx/-Xms)
#   Decrease number of Java threads
#   Decrease Java thread stack sizes (-Xss)
#   Set larger code cache with -XX:ReservedCodeCacheSize=
# This output file may be truncated or incomplete.
#
#  Out of Memory Error (allocation.cpp:323), pid=8456, tid=10512
#
# JRE version: Java(TM) SE Runtime Environment (7.0_80-b15) (build 1.7.0_80-b15)
# Java VM: Java HotSpot(TM) 64-Bit Server VM (24.80-b11 mixed mode windows-amd64 compressed oops)
# Failed to write core dump. Minidumps are not enabled by default on client versions of Windows
#

---------------  T H R E A D  ---------------

Current thread (0x00000000084a5000):  JavaThread "C2 CompilerThread0" daemon [_thread_in_native, id=10512, stack(0x0000000009ea0000,0x0000000009fa0000)]

Stack: [0x0000000009ea0000,0x0000000009fa0000]
[error occurred during error reporting (printing stack bounds), id 0xc0000005]


[error occurred during error reporting (printing native stack), id 0xc0000005]


Current CompileTask:
C2:   3334  419             com.android.dx.cf.code.ValueAwareMachine::run (1142 bytes)


---------------  P R O C E S S  ---------------

Java Threads: ( => current thread )
  0x000000000a255800 JavaThread "pool-1-thread-4" [_thread_blocked, id=9596, stack(0x000000000a510000,0x000000000a610000)]
  0x000000000a255000 JavaThread "pool-1-thread-3" [_thread_blocked, id=5960, stack(0x000000000ac40000,0x000000000ad40000)]
  0x000000000a250000 JavaThread "pool-1-thread-2" [_thread_blocked, id=10956, stack(0x000000000aa50000,0x000000000ab50000)]
  0x000000000a24f800 JavaThread "pool-2-thread-1" [_thread_blocked, id=11024, stack(0x000000000a870000,0x000000000a970000)]
  0x000000000a203800 JavaThread "pool-1-thread-1" [_thread_blocked, id=3192, stack(0x0000000009b80000,0x0000000009c80000)]
  0x00000000084bd800 JavaThread "Service Thread" daemon [_thread_blocked, id=7104, stack(0x0000000009fd0000,0x000000000a0d0000)]
  0x00000000084bc000 JavaThread "C2 CompilerThread1" daemon [_thread_in_native, id=9656, stack(0x00000000094b0000,0x00000000095b0000)]
=>0x00000000084a5000 JavaThread "C2 CompilerThread0" daemon [_thread_in_native, id=10512, stack(0x0000000009ea0000,0x0000000009fa0000)]
  0x00000000084a4000 JavaThread "Attach Listener" daemon [_thread_blocked, id=10436, stack(0x0000000009ca0000,0x0000000009da0000)]
  0x00000000084b8000 JavaThread "Signal Dispatcher" daemon [_thread_blocked, id=10484, stack(0x0000000009a80000,0x0000000009b80000)]
  0x000000000843f000 JavaThread "Finalizer" daemon [_thread_blocked, id=10980, stack(0x0000000009910000,0x0000000009a10000)]
  0x000000000843d800 JavaThread "Reference Handler" daemon [_thread_blocked, id=10592, stack(0x00000000097f0000,0x00000000098f0000)]
  0x00000000021fe800 JavaThread "main" [_thread_blocked, id=9604, stack(0x00000000024d0000,0x00000000025d0000)]

Other Threads:
  0x000000000843a000 VMThread [stack: 0x0000000009660000,0x0000000009760000] [id=6232]
  0x000000000a0e1800 WatcherThread [stack: 0x000000000a640000,0x000000000a740000] [id=5772]

VM state:not at safepoint (normal execution)

VM Mutex/Monitor currently owned by a thread: None

Heap
 PSYoungGen      total 71680K, used 20032K [0x00000000eaa80000, 0x00000000ef580000, 0x0000000100000000)
  eden space 66560K, 22% used [0x00000000eaa80000,0x00000000eb9131f8,0x00000000eeb80000)
  from space 5120K, 99% used [0x00000000ef080000,0x00000000ef57d0d8,0x00000000ef580000)
  to   space 5120K, 0% used [0x00000000eeb80000,0x00000000eeb80000,0x00000000ef080000)
 ParOldGen       total 86016K, used 4991K [0x00000000c0000000, 0x00000000c5400000, 0x00000000eaa80000)
  object space 86016K, 5% used [0x00000000c0000000,0x00000000c04dff88,0x00000000c5400000)
 PSPermGen       total 21504K, used 5936K [0x00000000bae00000, 0x00000000bc300000, 0x00000000c0000000)
  object space 21504K, 27% used [0x00000000bae00000,0x00000000bb3cc130,0x00000000bc300000)

Card table byte_map: [0x00000000055d0000,0x0000000005800000] byte_map_base: 0x0000000004ff9000

Polling page: 0x0000000000310000

Code Cache  [0x00000000025d0000, 0x0000000002840000, 0x00000000055d0000)
 total_blobs=653 nmethods=414 adapters=191 free_code_cache=47592Kb largest_free_block=48704512

Compilation events (10 events):
Event: 3.312 Thread 0x00000000084a5000 nmethod 414 0x0000000002749b50 code [0x0000000002749cc0, 0x0000000002749fb8]
Event: 3.312 Thread 0x00000000084a5000  415             com.android.dx.rop.code.ThrowingCstInsn::withNewRegisters (25 bytes)
Event: 3.313 Thread 0x00000000084a5000 nmethod 415 0x0000000002747450 code [0x00000000027475a0, 0x00000000027477b8]
Event: 3.313 Thread 0x00000000084a5000  416             com.android.dx.ssa.LocalVariableExtractor::doit (59 bytes)
Event: 3.317 Thread 0x00000000084a5000 nmethod 416 0x0000000002748c10 code [0x0000000002748d80, 0x0000000002749088]
Event: 3.317 Thread 0x00000000084a5000  417             com.android.dx.ssa.DomFront::run (264 bytes)
Event: 3.326 Thread 0x00000000084a5000 nmethod 417 0x0000000002759ad0 code [0x0000000002759cc0, 0x000000000275a670]
Event: 3.326 Thread 0x00000000084a5000  418             com.android.dx.ssa.DomFront::buildDomTree (72 bytes)
Event: 3.329 Thread 0x00000000084a5000 nmethod 418 0x0000000002747fd0 code [0x0000000002748160, 0x00000000027485b8]
Event: 3.329 Thread 0x00000000084a5000  419             com.android.dx.cf.code.ValueAwareMachine::run (1142 bytes)

GC Heap History (4 events):
Event: 1.585 GC heap before
{Heap before GC invocations=1 (full 0):
 PSYoungGen      total 38400K, used 33280K [0x00000000eaa80000, 0x00000000ed500000, 0x0000000100000000)
  eden space 33280K, 100% used [0x00000000eaa80000,0x00000000ecb00000,0x00000000ecb00000)
  from space 5120K, 0% used [0x00000000ed000000,0x00000000ed000000,0x00000000ed500000)
  to   space 5120K, 0% used [0x00000000ecb00000,0x00000000ecb00000,0x00000000ed000000)
 ParOldGen       total 86016K, used 0K [0x00000000c0000000, 0x00000000c5400000, 0x00000000eaa80000)
  object space 86016K, 0% used [0x00000000c0000000,0x00000000c0000000,0x00000000c5400000)
 PSPermGen       total 21504K, used 5730K [0x00000000bae00000, 0x00000000bc300000, 0x00000000c0000000)
  object space 21504K, 26% used [0x00000000bae00000,0x00000000bb3989c0,0x00000000bc300000)
Event: 2.142 GC heap after
Heap after GC invocations=1 (full 0):
 PSYoungGen      total 38400K, used 5103K [0x00000000eaa80000, 0x00000000ef580000, 0x0000000100000000)
  eden space 33280K, 0% used [0x00000000eaa80000,0x00000000eaa80000,0x00000000ecb00000)
  from space 5120K, 99% used [0x00000000ecb00000,0x00000000ecffbca8,0x00000000ed000000)
  to   space 5120K, 0% used [0x00000000ef080000,0x00000000ef080000,0x00000000ef580000)
 ParOldGen       total 86016K, used 620K [0x00000000c0000000, 0x00000000c5400000, 0x00000000eaa80000)
  object space 86016K, 0% used [0x00000000c0000000,0x00000000c009b238,0x00000000c5400000)
 PSPermGen       total 21504K, used 5730K [0x00000000bae00000, 0x00000000bc300000, 0x00000000c0000000)
  object space 21504K, 26% used [0x00000000bae00000,0x00000000bb3989c0,0x00000000bc300000)
}
Event: 2.718 GC heap before
{Heap before GC invocations=2 (full 0):
 PSYoungGen      total 38400K, used 38383K [0x00000000eaa80000, 0x00000000ef580000, 0x0000000100000000)
  eden space 33280K, 100% used [0x00000000eaa80000,0x00000000ecb00000,0x00000000ecb00000)
  from space 5120K, 99% used [0x00000000ecb00000,0x00000000ecffbca8,0x00000000ed000000)
  to   space 5120K, 0% used [0x00000000ef080000,0x00000000ef080000,0x00000000ef580000)
 ParOldGen       total 86016K, used 620K [0x00000000c0000000, 0x00000000c5400000, 0x00000000eaa80000)
  object space 86016K, 0% used [0x00000000c0000000,0x00000000c009b238,0x00000000c5400000)
 PSPermGen       total 21504K, used 5919K [0x00000000bae00000, 0x00000000bc300000, 0x00000000c0000000)
  object space 21504K, 27% used [0x00000000bae00000,0x00000000bb3c7f60,0x00000000bc300000)
Event: 2.888 GC heap after
Heap after GC invocations=2 (full 0):
 PSYoungGen      total 71680K, used 5108K [0x00000000eaa80000, 0x00000000ef580000, 0x0000000100000000)
  eden space 66560K, 0% used [0x00000000eaa80000,0x00000000eaa80000,0x00000000eeb80000)
  from space 5120K, 99% used [0x00000000ef080000,0x00000000ef57d0d8,0x00000000ef580000)
  to   space 5120K, 0% used [0x00000000eeb80000,0x00000000eeb80000,0x00000000ef080000)
 ParOldGen       total 86016K, used 4991K [0x00000000c0000000, 0x00000000c5400000, 0x00000000eaa80000)
  object space 86016K, 5% used [0x00000000c0000000,0x00000000c04dff88,0x00000000c5400000)
 PSPermGen       total 21504K, used 5919K [0x00000000bae00000, 0x00000000bc300000, 0x00000000c0000000)
  object space 21504K, 27% used [0x00000000bae00000,0x00000000bb3c7f60,0x00000000bc300000)
}

Deoptimization events (10 events):
Event: 1.516 Thread 0x00000000021fe800 Uncommon trap: reason=class_check action=maybe_recompile pc=0x000000000265eb70 method=com.android.dx.ssa.NormalSsaInsn.accept(Lcom/android/dx/ssa/SsaInsn$Visitor;)V @ 9
Event: 1.516 Thread 0x00000000021fe800 Uncommon trap: reason=class_check action=maybe_recompile pc=0x000000000265eb70 method=com.android.dx.ssa.NormalSsaInsn.accept(Lcom/android/dx/ssa/SsaInsn$Visitor;)V @ 9
Event: 1.516 Thread 0x00000000021fe800 Uncommon trap: reason=class_check action=maybe_recompile pc=0x000000000265eb70 method=com.android.dx.ssa.NormalSsaInsn.accept(Lcom/android/dx/ssa/SsaInsn$Visitor;)V @ 9
Event: 1.516 Thread 0x00000000021fe800 Uncommon trap: reason=class_check action=maybe_recompile pc=0x000000000265eb70 method=com.android.dx.ssa.NormalSsaInsn.accept(Lcom/android/dx/ssa/SsaInsn$Visitor;)V @ 9
Event: 1.516 Thread 0x00000000021fe800 Uncommon trap: reason=class_check action=maybe_recompile pc=0x000000000264aaec method=com.android.dx.ssa.NormalSsaInsn.accept(Lcom/android/dx/ssa/SsaInsn$Visitor;)V @ 9
Event: 2.277 Thread 0x00000000021fe800 Uncommon trap: reason=null_check action=make_not_entrant pc=0x000000000267ccc0 method=com.android.dx.rop.type.Type.putIntern(Lcom/android/dx/rop/type/Type;)Lcom/android/dx/rop/type/Type; @ 18
Event: 2.487 Thread 0x00000000021fe800 Uncommon trap: reason=unstable_if action=reinterpret pc=0x0000000002655f58 method=com.android.dx.ssa.SsaRenamer$BlockRenamer.addMapping(ILcom/android/dx/rop/code/RegisterSpec;)V @ 120
Event: 2.533 Thread 0x000000000a203800 Uncommon trap: reason=unstable_if action=reinterpret pc=0x000000000269e6ec method=com.android.dx.util.IntList.binarysearch(I)I @ 105
Event: 2.534 Thread 0x000000000a203800 Uncommon trap: reason=unstable_if action=reinterpret pc=0x00000000026c375c method=com.android.dx.ssa.SsaBasicBlock.newFromRop(Lcom/android/dx/rop/code/RopMethod;ILcom/android/dx/ssa/SsaMethod;)Lcom/android/dx/ssa/SsaBasicBlock; @ 164
Event: 2.555 Thread 0x00000000021fe800 Uncommon trap: reason=unstable_if action=reinterpret pc=0x00000000026b7158 method=com.android.dx.rop.code.LocalVariableExtractor.processBlock(I)V @ 179

Internal exceptions (10 events):
Event: 1.262 Thread 0x00000000021fe800 Threw 0x00000000ebfae560 at C:\re\jdk7u80\2329\hotspot\src\share\vm\prims\jvm.cpp:1319
Event: 1.269 Thread 0x00000000021fe800 Threw 0x00000000ebfdc320 at C:\re\jdk7u80\2329\hotspot\src\share\vm\prims\jvm.cpp:1319
Event: 1.272 Thread 0x00000000021fe800 Threw 0x00000000ebfef018 at C:\re\jdk7u80\2329\hotspot\src\share\vm\prims\jvm.cpp:1319
Event: 1.305 Thread 0x00000000021fe800 Threw 0x00000000ec0f0690 at C:\re\jdk7u80\2329\hotspot\src\share\vm\prims\jvm.cpp:1319
Event: 1.393 Thread 0x00000000021fe800 Implicit null exception at 0x00000000026523b1 to 0x00000000026525b1
Event: 1.413 Thread 0x00000000021fe800 Threw 0x00000000ec51e3d0 at C:\re\jdk7u80\2329\hotspot\src\share\vm\prims\jvm.cpp:1319
Event: 1.532 Thread 0x00000000021fe800 Threw 0x00000000ec887ab8 at C:\re\jdk7u80\2329\hotspot\src\share\vm\prims\jvm.cpp:1319
Event: 2.277 Thread 0x00000000021fe800 Threw 0x00000000eac8a890 at C:\re\jdk7u80\2329\hotspot\src\share\vm\prims\jvm.cpp:1319
Event: 2.277 Thread 0x00000000021fe800 Implicit null exception at 0x000000000267c63b to 0x000000000267ccb1
Event: 2.277 Thread 0x00000000021fe800 Threw 0x00000000eac8cd70 at C:\re\jdk7u80\2329\hotspot\src\share\vm\prims\jvm.cpp:1319

Events (10 events):
Event: 2.534 Thread 0x000000000a203800 DEOPT PACKING pc=0x00000000026c375c sp=0x0000000009c7eac0
Event: 2.534 Thread 0x000000000a203800 DEOPT UNPACKING pc=0x00000000026075a4 sp=0x0000000009c7eaa0 mode 2
Event: 2.555 Thread 0x00000000021fe800 Uncommon trap: trap_request=0xffffff75 fr.pc=0x00000000026b7158
Event: 2.555 Thread 0x00000000021fe800 DEOPT PACKING pc=0x00000000026b7158 sp=0x00000000025ce570
Event: 2.555 Thread 0x00000000021fe800 DEOPT UNPACKING pc=0x00000000026075a4 sp=0x00000000025ce4f0 mode 2
Event: 2.716 Executing VM operation: ParallelGCFailedAllocation
Event: 2.888 Executing VM operation: ParallelGCFailedAllocation done
Event: 2.891 Thread 0x00000000084bc000 flushing nmethod 0x00000000026312d0
Event: 2.891 Thread 0x00000000084bc000 flushing nmethod 0x00000000026362d0
Event: 2.891 Thread 0x00000000084bc000 flushing nmethod 0x00000000026364d0


Dynamic libraries:
0x000000013f410000 - 0x000000013f443000 	D:\Java\jdk1.7.0_80\bin\java.exe
0x0000000076d20000 - 0x0000000076ec9000 	C:\windows\SYSTEM32\ntdll.dll
0x0000000076b00000 - 0x0000000076c20000 	C:\windows\system32\kernel32.dll
0x000007fefcd10000 - 0x000007fefcd7c000 	C:\windows\system32\KERNELBASE.dll
0x000007fefe660000 - 0x000007fefe73b000 	C:\windows\system32\ADVAPI32.dll
0x000007fefe8e0000 - 0x000007fefe97f000 	C:\windows\system32\msvcrt.dll
0x000007fefef70000 - 0x000007fefef8f000 	C:\windows\SYSTEM32\sechost.dll
0x000007fefe740000 - 0x000007fefe86d000 	C:\windows\system32\RPCRT4.dll
0x0000000076c20000 - 0x0000000076d1a000 	C:\windows\system32\USER32.dll
0x000007fefe870000 - 0x000007fefe8d7000 	C:\windows\system32\GDI32.dll
0x000007fefee00000 - 0x000007fefee0e000 	C:\windows\system32\LPK.dll
0x000007fefd030000 - 0x000007fefd0fa000 	C:\windows\system32\USP10.dll
0x000007fefb6c0000 - 0x000007fefb8b4000 	C:\windows\WinSxS\amd64_microsoft.windows.common-controls_6595b64144ccf1df_6.0.7601.18837_none_fa3b1e3d17594757\COMCTL32.dll
0x000007fefeef0000 - 0x000007fefef61000 	C:\windows\system32\SHLWAPI.dll
0x000007fefe3d0000 - 0x000007fefe3fe000 	C:\windows\system32\IMM32.DLL
0x000007fefeca0000 - 0x000007fefeda9000 	C:\windows\system32\MSCTF.dll
0x0000000065ba0000 - 0x0000000065c72000 	D:\Java\jdk1.7.0_80\jre\bin\msvcr100.dll
0x0000000058140000 - 0x0000000058919000 	D:\Java\jdk1.7.0_80\jre\bin\server\jvm.dll
0x000007fefa6e0000 - 0x000007fefa6e9000 	C:\windows\system32\WSOCK32.dll
0x000007fefedb0000 - 0x000007fefedfd000 	C:\windows\system32\WS2_32.dll
0x000007fefec90000 - 0x000007fefec98000 	C:\windows\system32\NSI.dll
0x000007fefac90000 - 0x000007fefaccb000 	C:\windows\system32\WINMM.dll
0x0000000076ef0000 - 0x0000000076ef7000 	C:\windows\system32\PSAPI.DLL
0x000000006ceb0000 - 0x000000006cebf000 	D:\Java\jdk1.7.0_80\jre\bin\verify.dll
0x000000006ce40000 - 0x000000006ce68000 	D:\Java\jdk1.7.0_80\jre\bin\java.dll
0x000000006ce90000 - 0x000000006cea6000 	D:\Java\jdk1.7.0_80\jre\bin\zip.dll
0x0000000065ff0000 - 0x000000006600a000 	D:\Java\jdk1.7.0_80\jre\bin\net.dll
0x000007fefc450000 - 0x000007fefc4a5000 	C:\windows\system32\mswsock.dll
0x000007fefc440000 - 0x000007fefc447000 	C:\windows\System32\wship6.dll
0x0000000065fd0000 - 0x0000000065fe1000 	D:\Java\jdk1.7.0_80\jre\bin\nio.dll

VM Arguments:
jvm_args: -Djava.awt.headless=true -Xmx1024M -Dfile.encoding=GBK -Duser.country=CN -Duser.language=zh -Duser.variant 
java_command: com.android.dx.command.Main --dex --num-threads=4 --output F:\AndroidStudio\Login\app\build\intermediates\pre-dexed\debug\rxjava-1.1.1_31a8e630c261f58bf160cd808cea47d080e5934a.jar C:\Users\admin\.gradle\caches\modules-2\files-2.1\io.reactivex\rxjava\1.1.1\b494968f6050d494de55dc3ce005e59c7eb40012\rxjava-1.1.1.jar
Launcher Type: SUN_STANDARD

Environment Variables:
PATH=C:\windows\system32;C:\windows;C:\windows\System32\Wbem;C:\windows\System32\WindowsPowerShell\v1.0\;C:\Program Files (x86)\Common Files\microsoft shared\TigerKin;C:\Program Files (x86)\Microsoft SQL Server\100\Tools\Binn\;C:\Program Files\Microsoft SQL Server\100\Tools\Binn\;C:\Program Files\Microsoft SQL Server\100\DTS\Binn\;C:\Program Files (x86)\Microsoft SQL Server\100\Tools\Binn\VSShell\Common7\IDE\;C:\Program Files (x86)\Microsoft Visual Studio 9.0\Common7\IDE\PrivateAssemblies\;C:\Program Files (x86)\Microsoft SQL Server\100\DTS\Binn\;E:\adt-bundle-windows-x86_64-20140702\sdk\tools;E:\adt-bundle-windows-x86_64-20140702\sdk\platform-tools;C:\Users\admin\AppData\Local\atom\bin
USERNAME=admin
OS=Windows_NT
PROCESSOR_IDENTIFIER=Intel64 Family 6 Model 60 Stepping 3, GenuineIntel



---------------  S Y S T E M  ---------------

OS: Windows 7 , 64 bit Build 7601 Service Pack 1

CPU:total 4 (4 cores per cpu, 1 threads per core) family 6 model 60 stepping 3, cmov, cx8, fxsr, mmx, sse, sse2, sse3, ssse3, sse4.1, sse4.2, popcnt, avx, avx2, aes, erms, tsc, tscinvbit

Memory: 4k page, physical 8286356k(986324k free), swap 10381672k(5296k free)

vm_info: Java HotSpot(TM) 64-Bit Server VM (24.80-b11) for windows-amd64 JRE (1.7.0_80-b15), built on Apr 10 2015 11:26:34 by "java_re" with unknown MS VC++:1600

time: Mon May 30 11:11:52 2016
elapsed time: 3 seconds

