#
# There is insufficient memory for the Java Runtime Environment to continue.
# Native memory allocation (malloc) failed to allocate 2182896 bytes for Chunk::new
# Possible reasons:
#   The system is out of physical RAM or swap space
#   In 32 bit mode, the process size limit was hit
# Possible solutions:
#   Reduce memory load on the system
#   Increase physical memory or swap space
#   Check if swap backing store is full
#   Use 64 bit Java on a 64 bit OS
#   Decrease Java heap size (-Xmx/-Xms)
#   Decrease number of Java threads
#   Decrease Java thread stack sizes (-Xss)
#   Set larger code cache with -XX:ReservedCodeCacheSize=
# This output file may be truncated or incomplete.
#
#  Out of Memory Error (allocation.cpp:323), pid=9740, tid=10892
#
# JRE version: Java(TM) SE Runtime Environment (7.0_80-b15) (build 1.7.0_80-b15)
# Java VM: Java HotSpot(TM) 64-Bit Server VM (24.80-b11 mixed mode windows-amd64 compressed oops)
# Failed to write core dump. Minidumps are not enabled by default on client versions of Windows
#

---------------  T H R E A D  ---------------

Current thread (0x000000000855e800):  JavaThread "C2 CompilerThread1" daemon [_thread_in_native, id=10892, stack(0x000000000a0a0000,0x000000000a1a0000)]

Stack: [0x000000000a0a0000,0x000000000a1a0000]
[error occurred during error reporting (printing stack bounds), id 0xc0000005]


[error occurred during error reporting (printing native stack), id 0xc0000005]


Current CompileTask:
C2:   1640  188             com.android.dx.ssa.SCCP::run (298 bytes)


---------------  P R O C E S S  ---------------

Java Threads: ( => current thread )
  0x0000000009ddb000 JavaThread "pool-1-thread-4" [_thread_blocked, id=6180, stack(0x000000000aa50000,0x000000000ab50000)]
  0x0000000009dd6800 JavaThread "pool-1-thread-3" [_thread_in_Java, id=11232, stack(0x000000000a340000,0x000000000a440000)]
  0x0000000009e7a800 JavaThread "pool-1-thread-2" [_thread_blocked, id=10272, stack(0x000000000a930000,0x000000000aa30000)]
  0x0000000009de8800 JavaThread "pool-2-thread-1" [_thread_blocked, id=10616, stack(0x000000000a800000,0x000000000a900000)]
  0x0000000009de8000 JavaThread "pool-1-thread-1" [_thread_in_vm, id=5960, stack(0x000000000a5f0000,0x000000000a6f0000)]
  0x0000000009c89000 JavaThread "Service Thread" daemon [_thread_blocked, id=11056, stack(0x000000000a1d0000,0x000000000a2d0000)]
=>0x000000000855e800 JavaThread "C2 CompilerThread1" daemon [_thread_in_native, id=10892, stack(0x000000000a0a0000,0x000000000a1a0000)]
  0x000000000853d000 JavaThread "C2 CompilerThread0" daemon [_thread_in_native, id=9596, stack(0x0000000009b80000,0x0000000009c80000)]
  0x000000000853c000 JavaThread "Attach Listener" daemon [_thread_blocked, id=10980, stack(0x00000000099d0000,0x0000000009ad0000)]
  0x0000000008558000 JavaThread "Signal Dispatcher" daemon [_thread_blocked, id=10808, stack(0x0000000005930000,0x0000000005a30000)]
  0x00000000084df000 JavaThread "Finalizer" daemon [_thread_blocked, id=10940, stack(0x0000000009860000,0x0000000009960000)]
  0x00000000084dd800 JavaThread "Reference Handler" daemon [_thread_blocked, id=11072, stack(0x0000000009680000,0x0000000009780000)]
  0x0000000001d5e800 JavaThread "main" [_thread_blocked, id=11052, stack(0x0000000002300000,0x0000000002400000)]

Other Threads:
  0x00000000084da000 VMThread [stack: 0x0000000009560000,0x0000000009660000] [id=9284]
  0x0000000009c94800 WatcherThread [stack: 0x000000000a490000,0x000000000a590000] [id=7408]

VM state:not at safepoint (normal execution)

VM Mutex/Monitor currently owned by a thread: None

Heap
 PSYoungGen      total 38400K, used 16205K [0x00000000eaa80000, 0x00000000ef580000, 0x0000000100000000)
  eden space 33280K, 33% used [0x00000000eaa80000,0x00000000eb558868,0x00000000ecb00000)
  from space 5120K, 99% used [0x00000000ecb00000,0x00000000ecffae80,0x00000000ed000000)
  to   space 5120K, 0% used [0x00000000ef080000,0x00000000ef080000,0x00000000ef580000)
 ParOldGen       total 86016K, used 2069K [0x00000000c0000000, 0x00000000c5400000, 0x00000000eaa80000)
  object space 86016K, 2% used [0x00000000c0000000,0x00000000c0205668,0x00000000c5400000)
 PSPermGen       total 21504K, used 5893K [0x00000000bae00000, 0x00000000bc300000, 0x00000000c0000000)
  object space 21504K, 27% used [0x00000000bae00000,0x00000000bb3c17d0,0x00000000bc300000)

Card table byte_map: [0x0000000005400000,0x0000000005630000] byte_map_base: 0x0000000004e29000

Polling page: 0x0000000000210000

Code Cache  [0x0000000002400000, 0x0000000002670000, 0x0000000005400000)
 total_blobs=468 nmethods=229 adapters=191 free_code_cache=48240Kb largest_free_block=49369664

Compilation events (10 events):
Event: 1.455 Thread 0x000000000853d000 nmethod 218 0x00000000024d7010 code [0x00000000024d7140, 0x00000000024d7198]
Event: 1.455 Thread 0x000000000853d000  219             java.util.Collections$UnmodifiableCollection$1::next (10 bytes)
Event: 1.456 Thread 0x000000000853d000 nmethod 219 0x00000000024d9ed0 code [0x00000000024da040, 0x00000000024da1c8]
Event: 1.456 Thread 0x000000000853d000  220             java.lang.Math::max (11 bytes)
Event: 1.456 Thread 0x000000000853d000 nmethod 220 0x00000000024d6e10 code [0x00000000024d6f40, 0x00000000024d6f98]
Event: 1.456 Thread 0x000000000853d000  221             com.android.dx.dex.code.ZeroSizeInsn::<init> (12 bytes)
Event: 1.457 Thread 0x000000000853d000 nmethod 221 0x00000000024d9c50 code [0x00000000024d9da0, 0x00000000024d9e38]
Event: 1.457 Thread 0x000000000853d000  222             com.android.dx.ssa.SsaRenamer::access$000 (5 bytes)
Event: 1.457 Thread 0x000000000853d000 nmethod 222 0x00000000024d9a50 code [0x00000000024d9b80, 0x00000000024d9bd8]
Event: 1.457 Thread 0x000000000853d000  223             com.android.dx.ssa.SCCP::simulateBlock (54 bytes)

GC Heap History (2 events):
Event: 1.057 GC heap before
{Heap before GC invocations=1 (full 0):
 PSYoungGen      total 38400K, used 33280K [0x00000000eaa80000, 0x00000000ed500000, 0x0000000100000000)
  eden space 33280K, 100% used [0x00000000eaa80000,0x00000000ecb00000,0x00000000ecb00000)
  from space 5120K, 0% used [0x00000000ed000000,0x00000000ed000000,0x00000000ed500000)
  to   space 5120K, 0% used [0x00000000ecb00000,0x00000000ecb00000,0x00000000ed000000)
 ParOldGen       total 86016K, used 0K [0x00000000c0000000, 0x00000000c5400000, 0x00000000eaa80000)
  object space 86016K, 0% used [0x00000000c0000000,0x00000000c0000000,0x00000000c5400000)
 PSPermGen       total 21504K, used 5869K [0x00000000bae00000, 0x00000000bc300000, 0x00000000c0000000)
  object space 21504K, 27% used [0x00000000bae00000,0x00000000bb3bb448,0x00000000bc300000)
Event: 1.296 GC heap after
Heap after GC invocations=1 (full 0):
 PSYoungGen      total 38400K, used 5099K [0x00000000eaa80000, 0x00000000ef580000, 0x0000000100000000)
  eden space 33280K, 0% used [0x00000000eaa80000,0x00000000eaa80000,0x00000000ecb00000)
  from space 5120K, 99% used [0x00000000ecb00000,0x00000000ecffae80,0x00000000ed000000)
  to   space 5120K, 0% used [0x00000000ef080000,0x00000000ef080000,0x00000000ef580000)
 ParOldGen       total 86016K, used 2069K [0x00000000c0000000, 0x00000000c5400000, 0x00000000eaa80000)
  object space 86016K, 2% used [0x00000000c0000000,0x00000000c0205668,0x00000000c5400000)
 PSPermGen       total 21504K, used 5869K [0x00000000bae00000, 0x00000000bc300000, 0x00000000c0000000)
  object space 21504K, 27% used [0x00000000bae00000,0x00000000bb3bb448,0x00000000bc300000)
}

Deoptimization events (10 events):
Event: 1.487 Thread 0x0000000009de8000 Uncommon trap: reason=bimorphic action=maybe_recompile pc=0x0000000002495544 method=com.android.dx.ssa.NormalSsaInsn.accept(Lcom/android/dx/ssa/SsaInsn$Visitor;)V @ 9
Event: 1.487 Thread 0x0000000009de8000 Uncommon trap: reason=bimorphic action=maybe_recompile pc=0x0000000002495544 method=com.android.dx.ssa.NormalSsaInsn.accept(Lcom/android/dx/ssa/SsaInsn$Visitor;)V @ 9
Event: 1.488 Thread 0x0000000009de8000 Uncommon trap: reason=bimorphic action=maybe_recompile pc=0x0000000002495544 method=com.android.dx.ssa.NormalSsaInsn.accept(Lcom/android/dx/ssa/SsaInsn$Visitor;)V @ 9
Event: 1.488 Thread 0x0000000009de8000 Uncommon trap: reason=class_check action=maybe_recompile pc=0x0000000002477610 method=com.android.dx.ssa.NormalSsaInsn.accept(Lcom/android/dx/ssa/SsaInsn$Visitor;)V @ 9
Event: 1.488 Thread 0x0000000009de8000 Uncommon trap: reason=class_check action=maybe_recompile pc=0x0000000002477610 method=com.android.dx.ssa.NormalSsaInsn.accept(Lcom/android/dx/ssa/SsaInsn$Visitor;)V @ 9
Event: 1.488 Thread 0x0000000009de8000 Uncommon trap: reason=class_check action=maybe_recompile pc=0x0000000002477610 method=com.android.dx.ssa.NormalSsaInsn.accept(Lcom/android/dx/ssa/SsaInsn$Visitor;)V @ 9
Event: 1.500 Thread 0x0000000009de8000 Uncommon trap: reason=bimorphic action=maybe_recompile pc=0x00000000024d8394 method=java.util.HashMap.put(Ljava/lang/Object;Ljava/lang/Object;)Ljava/lang/Object; @ 83
Event: 1.533 Thread 0x0000000009de8000 Uncommon trap: reason=bimorphic action=maybe_recompile pc=0x00000000024d8394 method=java.util.HashMap.put(Ljava/lang/Object;Ljava/lang/Object;)Ljava/lang/Object; @ 83
Event: 1.534 Thread 0x0000000009de8000 Uncommon trap: reason=bimorphic action=maybe_recompile pc=0x00000000024d8394 method=java.util.HashMap.put(Ljava/lang/Object;Ljava/lang/Object;)Ljava/lang/Object; @ 83
Event: 1.534 Thread 0x0000000009de8000 Uncommon trap: reason=bimorphic action=maybe_recompile pc=0x00000000024d8394 method=java.util.HashMap.put(Ljava/lang/Object;Ljava/lang/Object;)Ljava/lang/Object; @ 83

Internal exceptions (10 events):
Event: 0.370 Thread 0x0000000009dd6800 Threw 0x00000000eb68c680 at C:\re\jdk7u80\2329\hotspot\src\share\vm\prims\jvm.cpp:1319
Event: 0.371 Thread 0x0000000009de8000 Threw 0x00000000eb2482b0 at C:\re\jdk7u80\2329\hotspot\src\share\vm\prims\jvm.cpp:1319
Event: 0.373 Thread 0x0000000009de8000 Threw 0x00000000eb2592f0 at C:\re\jdk7u80\2329\hotspot\src\share\vm\prims\jvm.cpp:1319
Event: 0.393 Thread 0x0000000009dd6800 Implicit null exception at 0x00000000024759b3 to 0x0000000002475bc9
Event: 0.609 Thread 0x0000000001d5e800 Implicit null exception at 0x0000000002491f12 to 0x0000000002492005
Event: 0.616 Thread 0x0000000001d5e800 Threw 0x00000000ec49c4c0 at C:\re\jdk7u80\2329\hotspot\src\share\vm\prims\jvm.cpp:1319
Event: 0.616 Thread 0x0000000001d5e800 Threw 0x00000000ec49ee60 at C:\re\jdk7u80\2329\hotspot\src\share\vm\prims\jvm.cpp:1319
Event: 0.616 Thread 0x0000000001d5e800 Threw 0x00000000ec4a1b80 at C:\re\jdk7u80\2329\hotspot\src\share\vm\prims\jvm.cpp:1319
Event: 0.623 Thread 0x0000000001d5e800 Threw 0x00000000ec51b788 at C:\re\jdk7u80\2329\hotspot\src\share\vm\prims\jvm.cpp:1319
Event: 0.649 Thread 0x0000000009e7a800 Implicit null exception at 0x00000000024c3cb8 to 0x00000000024c4f09

Events (10 events):
Event: 1.500 Thread 0x0000000009de8000 DEOPT UNPACKING pc=0x00000000024375a4 sp=0x000000000a6eec58 mode 2
Event: 1.533 Thread 0x0000000009de8000 Uncommon trap: trap_request=0xffffffc6 fr.pc=0x00000000024d8394
Event: 1.533 Thread 0x0000000009de8000 DEOPT PACKING pc=0x00000000024d8394 sp=0x000000000a6eecb0
Event: 1.533 Thread 0x0000000009de8000 DEOPT UNPACKING pc=0x00000000024375a4 sp=0x000000000a6eec58 mode 2
Event: 1.534 Thread 0x0000000009de8000 Uncommon trap: trap_request=0xffffffc6 fr.pc=0x00000000024d8394
Event: 1.534 Thread 0x0000000009de8000 DEOPT PACKING pc=0x00000000024d8394 sp=0x000000000a6eecb0
Event: 1.534 Thread 0x0000000009de8000 DEOPT UNPACKING pc=0x00000000024375a4 sp=0x000000000a6eec58 mode 2
Event: 1.534 Thread 0x0000000009de8000 Uncommon trap: trap_request=0xffffffc6 fr.pc=0x00000000024d8394
Event: 1.534 Thread 0x0000000009de8000 DEOPT PACKING pc=0x00000000024d8394 sp=0x000000000a6eecb0
Event: 1.534 Thread 0x0000000009de8000 DEOPT UNPACKING pc=0x00000000024375a4 sp=0x000000000a6eec58 mode 2


Dynamic libraries:
0x000000013f410000 - 0x000000013f443000 	D:\Java\jdk1.7.0_80\bin\java.exe
0x0000000076d20000 - 0x0000000076ec9000 	C:\windows\SYSTEM32\ntdll.dll
0x0000000076b00000 - 0x0000000076c20000 	C:\windows\system32\kernel32.dll
0x000007fefcd10000 - 0x000007fefcd7c000 	C:\windows\system32\KERNELBASE.dll
0x000007fefe660000 - 0x000007fefe73b000 	C:\windows\system32\ADVAPI32.dll
0x000007fefe8e0000 - 0x000007fefe97f000 	C:\windows\system32\msvcrt.dll
0x000007fefef70000 - 0x000007fefef8f000 	C:\windows\SYSTEM32\sechost.dll
0x000007fefe740000 - 0x000007fefe86d000 	C:\windows\system32\RPCRT4.dll
0x0000000076c20000 - 0x0000000076d1a000 	C:\windows\system32\USER32.dll
0x000007fefe870000 - 0x000007fefe8d7000 	C:\windows\system32\GDI32.dll
0x000007fefee00000 - 0x000007fefee0e000 	C:\windows\system32\LPK.dll
0x000007fefd030000 - 0x000007fefd0fa000 	C:\windows\system32\USP10.dll
0x000007fefb6c0000 - 0x000007fefb8b4000 	C:\windows\WinSxS\amd64_microsoft.windows.common-controls_6595b64144ccf1df_6.0.7601.18837_none_fa3b1e3d17594757\COMCTL32.dll
0x000007fefeef0000 - 0x000007fefef61000 	C:\windows\system32\SHLWAPI.dll
0x000007fefe3d0000 - 0x000007fefe3fe000 	C:\windows\system32\IMM32.DLL
0x000007fefeca0000 - 0x000007fefeda9000 	C:\windows\system32\MSCTF.dll
0x0000000065ba0000 - 0x0000000065c72000 	D:\Java\jdk1.7.0_80\jre\bin\msvcr100.dll
0x0000000058140000 - 0x0000000058919000 	D:\Java\jdk1.7.0_80\jre\bin\server\jvm.dll
0x000007fefa6e0000 - 0x000007fefa6e9000 	C:\windows\system32\WSOCK32.dll
0x000007fefedb0000 - 0x000007fefedfd000 	C:\windows\system32\WS2_32.dll
0x000007fefec90000 - 0x000007fefec98000 	C:\windows\system32\NSI.dll
0x000007fefac90000 - 0x000007fefaccb000 	C:\windows\system32\WINMM.dll
0x0000000076ef0000 - 0x0000000076ef7000 	C:\windows\system32\PSAPI.DLL
0x000000006ceb0000 - 0x000000006cebf000 	D:\Java\jdk1.7.0_80\jre\bin\verify.dll
0x000000006ce40000 - 0x000000006ce68000 	D:\Java\jdk1.7.0_80\jre\bin\java.dll
0x000000006ce90000 - 0x000000006cea6000 	D:\Java\jdk1.7.0_80\jre\bin\zip.dll
0x0000000065ff0000 - 0x000000006600a000 	D:\Java\jdk1.7.0_80\jre\bin\net.dll
0x000007fefc450000 - 0x000007fefc4a5000 	C:\windows\system32\mswsock.dll
0x000007fefc440000 - 0x000007fefc447000 	C:\windows\System32\wship6.dll
0x0000000065fd0000 - 0x0000000065fe1000 	D:\Java\jdk1.7.0_80\jre\bin\nio.dll

VM Arguments:
jvm_args: -Djava.awt.headless=true -Xmx1024M -Dfile.encoding=GBK -Duser.country=CN -Duser.language=zh -Duser.variant 
java_command: com.android.dx.command.Main --dex --num-threads=4 --output F:\AndroidStudio\Login\app\build\intermediates\pre-dexed\debug\litepal-1.2.0-src_b36a25979e5b71720f2d7c65880a05caee0b13c2.jar F:\AndroidStudio\Login\app\libs\litepal-1.2.0-src.jar
Launcher Type: SUN_STANDARD

Environment Variables:
PATH=C:\windows\system32;C:\windows;C:\windows\System32\Wbem;C:\windows\System32\WindowsPowerShell\v1.0\;C:\Program Files (x86)\Common Files\microsoft shared\TigerKin;C:\Program Files (x86)\Microsoft SQL Server\100\Tools\Binn\;C:\Program Files\Microsoft SQL Server\100\Tools\Binn\;C:\Program Files\Microsoft SQL Server\100\DTS\Binn\;C:\Program Files (x86)\Microsoft SQL Server\100\Tools\Binn\VSShell\Common7\IDE\;C:\Program Files (x86)\Microsoft Visual Studio 9.0\Common7\IDE\PrivateAssemblies\;C:\Program Files (x86)\Microsoft SQL Server\100\DTS\Binn\;E:\adt-bundle-windows-x86_64-20140702\sdk\tools;E:\adt-bundle-windows-x86_64-20140702\sdk\platform-tools;C:\Users\admin\AppData\Local\atom\bin
USERNAME=admin
OS=Windows_NT
PROCESSOR_IDENTIFIER=Intel64 Family 6 Model 60 Stepping 3, GenuineIntel



---------------  S Y S T E M  ---------------

OS: Windows 7 , 64 bit Build 7601 Service Pack 1

CPU:total 4 (4 cores per cpu, 1 threads per core) family 6 model 60 stepping 3, cmov, cx8, fxsr, mmx, sse, sse2, sse3, ssse3, sse4.1, sse4.2, popcnt, avx, avx2, aes, erms, tsc, tscinvbit

Memory: 4k page, physical 8286356k(1024704k free), swap 10381672k(9920k free)

vm_info: Java HotSpot(TM) 64-Bit Server VM (24.80-b11) for windows-amd64 JRE (1.7.0_80-b15), built on Apr 10 2015 11:26:34 by "java_re" with unknown MS VC++:1600

time: Mon May 30 11:11:42 2016
elapsed time: 1 seconds

